C:\USERS\ADMINISTRATOR\DOCUMENTS\VISUAL STUDIO 2010\PROJECTS\MYCSDN\CALLWNDPROCRETHOOK\DEBUG\CALLWNDPROCRETHOOK.DLL.EMBED.MANIFEST
C:\USERS\ADMINISTRATOR\DOCUMENTS\VISUAL STUDIO 2010\PROJECTS\MYCSDN\CALLWNDPROCRETHOOK\DEBUG\CALLWNDPROCRETHOOK.DLL.EMBED.MANIFEST.RES
C:\USERS\ADMINISTRATOR\DOCUMENTS\VISUAL STUDIO 2010\PROJECTS\MYCSDN\CALLWNDPROCRETHOOK\DEBUG\CALLWNDPROCRETHOOK.DLL.INTERMEDIATE.MANIFEST
C:\USERS\ADMINISTRATOR\DOCUMENTS\VISUAL STUDIO 2010\PROJECTS\MYCSDN\CALLWNDPROCRETHOOK\DEBUG\CALLWNDPROCRETHOOK.OBJ
C:\USERS\ADMINISTRATOR\DOCUMENTS\VISUAL STUDIO 2010\PROJECTS\MYCSDN\CALLWNDPROCRETHOOK\DEBUG\CALLWNDPROCRETHOOK.PCH
C:\Users\Administrator\Documents\Visual Studio 2010\Projects\MyCsdn\CallWndProcRetHook\Debug\CallWndProcRetHook.vcxprojResolveAssemblyReference.cache
C:\Users\Administrator\Documents\Visual Studio 2010\Projects\MyCsdn\CallWndProcRetHook\Debug\CallWndProcRetHook.write.1.tlog
C:\Users\Administrator\Documents\Visual Studio 2010\Projects\MyCsdn\CallWndProcRetHook\Debug\CallWndProcRetHook_manifest.rc
C:\Users\Administrator\Documents\Visual Studio 2010\Projects\MyCsdn\CallWndProcRetHook\Debug\cl.command.1.tlog
C:\Users\Administrator\Documents\Visual Studio 2010\Projects\MyCsdn\CallWndProcRetHook\Debug\CL.read.1.tlog
C:\Users\Administrator\Documents\Visual Studio 2010\Projects\MyCsdn\CallWndProcRetHook\Debug\CL.write.1.tlog
C:\USERS\ADMINISTRATOR\DOCUMENTS\VISUAL STUDIO 2010\PROJECTS\MYCSDN\CALLWNDPROCRETHOOK\DEBUG\DLLMAIN.OBJ
C:\Users\Administrator\Documents\Visual Studio 2010\Projects\MyCsdn\CallWndProcRetHook\Debug\link.1656.read.1.tlog
C:\Users\Administrator\Documents\Visual Studio 2010\Projects\MyCsdn\CallWndProcRetHook\Debug\link.1656.write.1.tlog
C:\Users\Administrator\Documents\Visual Studio 2010\Projects\MyCsdn\CallWndProcRetHook\Debug\link.1656-cvtres.read.1.tlog
C:\Users\Administrator\Documents\Visual Studio 2010\Projects\MyCsdn\CallWndProcRetHook\Debug\link.1656-cvtres.write.1.tlog
C:\Users\Administrator\Documents\Visual Studio 2010\Projects\MyCsdn\CallWndProcRetHook\Debug\link.3524.read.1.tlog
C:\Users\Administrator\Documents\Visual Studio 2010\Projects\MyCsdn\CallWndProcRetHook\Debug\link.3524.write.1.tlog
C:\Users\Administrator\Documents\Visual Studio 2010\Projects\MyCsdn\CallWndProcRetHook\Debug\link.3524-cvtres.read.1.tlog
C:\Users\Administrator\Documents\Visual Studio 2010\Projects\MyCsdn\CallWndProcRetHook\Debug\link.3524-cvtres.write.1.tlog
C:\Users\Administrator\Documents\Visual Studio 2010\Projects\MyCsdn\CallWndProcRetHook\Debug\link.5480.read.1.tlog
C:\Users\Administrator\Documents\Visual Studio 2010\Projects\MyCsdn\CallWndProcRetHook\Debug\link.5480.write.1.tlog
C:\Users\Administrator\Documents\Visual Studio 2010\Projects\MyCsdn\CallWndProcRetHook\Debug\link.5480-cvtres.read.1.tlog
C:\Users\Administrator\Documents\Visual Studio 2010\Projects\MyCsdn\CallWndProcRetHook\Debug\link.5480-cvtres.write.1.tlog
C:\Users\Administrator\Documents\Visual Studio 2010\Projects\MyCsdn\CallWndProcRetHook\Debug\link.6588.read.1.tlog
C:\Users\Administrator\Documents\Visual Studio 2010\Projects\MyCsdn\CallWndProcRetHook\Debug\link.6588.write.1.tlog
C:\Users\Administrator\Documents\Visual Studio 2010\Projects\MyCsdn\CallWndProcRetHook\Debug\link.6588-cvtres.read.1.tlog
C:\Users\Administrator\Documents\Visual Studio 2010\Projects\MyCsdn\CallWndProcRetHook\Debug\link.6588-cvtres.write.1.tlog
C:\Users\Administrator\Documents\Visual Studio 2010\Projects\MyCsdn\CallWndProcRetHook\Debug\link.7768.read.1.tlog
C:\Users\Administrator\Documents\Visual Studio 2010\Projects\MyCsdn\CallWndProcRetHook\Debug\link.7768.write.1.tlog
C:\Users\Administrator\Documents\Visual Studio 2010\Projects\MyCsdn\CallWndProcRetHook\Debug\link.7768-cvtres.read.1.tlog
C:\Users\Administrator\Documents\Visual Studio 2010\Projects\MyCsdn\CallWndProcRetHook\Debug\link.7768-cvtres.write.1.tlog
C:\Users\Administrator\Documents\Visual Studio 2010\Projects\MyCsdn\CallWndProcRetHook\Debug\link.command.1.tlog
C:\Users\Administrator\Documents\Visual Studio 2010\Projects\MyCsdn\CallWndProcRetHook\Debug\link.read.1.tlog
C:\Users\Administrator\Documents\Visual Studio 2010\Projects\MyCsdn\CallWndProcRetHook\Debug\link.write.1.tlog
C:\Users\Administrator\Documents\Visual Studio 2010\Projects\MyCsdn\CallWndProcRetHook\Debug\link-cvtres.read.1.tlog
C:\Users\Administrator\Documents\Visual Studio 2010\Projects\MyCsdn\CallWndProcRetHook\Debug\link-cvtres.write.1.tlog
C:\Users\Administrator\Documents\Visual Studio 2010\Projects\MyCsdn\CallWndProcRetHook\Debug\mt.command.1.tlog
C:\Users\Administrator\Documents\Visual Studio 2010\Projects\MyCsdn\CallWndProcRetHook\Debug\mt.read.1.tlog
C:\Users\Administrator\Documents\Visual Studio 2010\Projects\MyCsdn\CallWndProcRetHook\Debug\mt.write.1.tlog
C:\Users\Administrator\Documents\Visual Studio 2010\Projects\MyCsdn\CallWndProcRetHook\Debug\rc.command.1.tlog
C:\Users\Administrator\Documents\Visual Studio 2010\Projects\MyCsdn\CallWndProcRetHook\Debug\rc.read.1.tlog
C:\Users\Administrator\Documents\Visual Studio 2010\Projects\MyCsdn\CallWndProcRetHook\Debug\rc.write.1.tlog
C:\USERS\ADMINISTRATOR\DOCUMENTS\VISUAL STUDIO 2010\PROJECTS\MYCSDN\CALLWNDPROCRETHOOK\DEBUG\STDAFX.OBJ
C:\Users\Administrator\Documents\Visual Studio 2010\Projects\MyCsdn\CallWndProcRetHook\Debug\vc100.idb
C:\USERS\ADMINISTRATOR\DOCUMENTS\VISUAL STUDIO 2010\PROJECTS\MYCSDN\CALLWNDPROCRETHOOK\DEBUG\VC100.PDB
C:\USERS\ADMINISTRATOR\DOCUMENTS\VISUAL STUDIO 2010\PROJECTS\MYCSDN\DEBUG\CALLWNDPROCRETHOOK.DLL
C:\Users\Administrator\Documents\Visual Studio 2010\Projects\MyCsdn\Debug\CallWndProcRetHook.exp
C:\USERS\ADMINISTRATOR\DOCUMENTS\VISUAL STUDIO 2010\PROJECTS\MYCSDN\DEBUG\CALLWNDPROCRETHOOK.ILK
C:\Users\Administrator\Documents\Visual Studio 2010\Projects\MyCsdn\Debug\CallWndProcRetHook.lib
C:\USERS\ADMINISTRATOR\DOCUMENTS\VISUAL STUDIO 2010\PROJECTS\MYCSDN\DEBUG\CALLWNDPROCRETHOOK.PDB
