C:\USERS\ADMINISTRATOR\DOCUMENTS\VISUAL STUDIO 2010\PROJECTS\MYCSDN\DEBUG\MYCSDN.EXE
C:\USERS\ADMINISTRATOR\DOCUMENTS\VISUAL STUDIO 2010\PROJECTS\MYCSDN\DEBUG\MYCSDN.ILK
C:\USERS\ADMINISTRATOR\DOCUMENTS\VISUAL STUDIO 2010\PROJECTS\MYCSDN\DEBUG\MYCSDN.PDB
C:\USERS\ADMINISTRATOR\DOCUMENTS\VISUAL STUDIO 2010\PROJECTS\MYCSDN\MYCSDN\DEBUG\APITEST.OBJ
C:\Users\Administrator\Documents\Visual Studio 2010\Projects\MyCsdn\MyCsdn\Debug\cl.command.1.tlog
C:\Users\Administrator\Documents\Visual Studio 2010\Projects\MyCsdn\MyCsdn\Debug\CL.read.1.tlog
C:\Users\Administrator\Documents\Visual Studio 2010\Projects\MyCsdn\MyCsdn\Debug\CL.write.1.tlog
C:\USERS\ADMINISTRATOR\DOCUMENTS\VISUAL STUDIO 2010\PROJECTS\MYCSDN\MYCSDN\DEBUG\HARDINFO.OBJ
C:\Users\Administrator\Documents\Visual Studio 2010\Projects\MyCsdn\MyCsdn\Debug\link.2616.read.1.tlog
C:\Users\Administrator\Documents\Visual Studio 2010\Projects\MyCsdn\MyCsdn\Debug\link.2616.write.1.tlog
C:\Users\Administrator\Documents\Visual Studio 2010\Projects\MyCsdn\MyCsdn\Debug\link.2616-cvtres.read.1.tlog
C:\Users\Administrator\Documents\Visual Studio 2010\Projects\MyCsdn\MyCsdn\Debug\link.2616-cvtres.write.1.tlog
C:\Users\Administrator\Documents\Visual Studio 2010\Projects\MyCsdn\MyCsdn\Debug\link.5492.read.1.tlog
C:\Users\Administrator\Documents\Visual Studio 2010\Projects\MyCsdn\MyCsdn\Debug\link.5492.write.1.tlog
C:\Users\Administrator\Documents\Visual Studio 2010\Projects\MyCsdn\MyCsdn\Debug\link.5492-cvtres.read.1.tlog
C:\Users\Administrator\Documents\Visual Studio 2010\Projects\MyCsdn\MyCsdn\Debug\link.5492-cvtres.write.1.tlog
C:\Users\Administrator\Documents\Visual Studio 2010\Projects\MyCsdn\MyCsdn\Debug\link.5852.read.1.tlog
C:\Users\Administrator\Documents\Visual Studio 2010\Projects\MyCsdn\MyCsdn\Debug\link.5852.write.1.tlog
C:\Users\Administrator\Documents\Visual Studio 2010\Projects\MyCsdn\MyCsdn\Debug\link.5852-cvtres.read.1.tlog
C:\Users\Administrator\Documents\Visual Studio 2010\Projects\MyCsdn\MyCsdn\Debug\link.5852-cvtres.write.1.tlog
C:\Users\Administrator\Documents\Visual Studio 2010\Projects\MyCsdn\MyCsdn\Debug\link.5952.read.1.tlog
C:\Users\Administrator\Documents\Visual Studio 2010\Projects\MyCsdn\MyCsdn\Debug\link.5952.write.1.tlog
C:\Users\Administrator\Documents\Visual Studio 2010\Projects\MyCsdn\MyCsdn\Debug\link.5952-cvtres.read.1.tlog
C:\Users\Administrator\Documents\Visual Studio 2010\Projects\MyCsdn\MyCsdn\Debug\link.5952-cvtres.write.1.tlog
C:\Users\Administrator\Documents\Visual Studio 2010\Projects\MyCsdn\MyCsdn\Debug\link.6720.read.1.tlog
C:\Users\Administrator\Documents\Visual Studio 2010\Projects\MyCsdn\MyCsdn\Debug\link.6720.write.1.tlog
C:\Users\Administrator\Documents\Visual Studio 2010\Projects\MyCsdn\MyCsdn\Debug\link.6720-cvtres.read.1.tlog
C:\Users\Administrator\Documents\Visual Studio 2010\Projects\MyCsdn\MyCsdn\Debug\link.6720-cvtres.write.1.tlog
C:\Users\Administrator\Documents\Visual Studio 2010\Projects\MyCsdn\MyCsdn\Debug\link.command.1.tlog
C:\Users\Administrator\Documents\Visual Studio 2010\Projects\MyCsdn\MyCsdn\Debug\link.read.1.tlog
C:\Users\Administrator\Documents\Visual Studio 2010\Projects\MyCsdn\MyCsdn\Debug\link.write.1.tlog
C:\Users\Administrator\Documents\Visual Studio 2010\Projects\MyCsdn\MyCsdn\Debug\link-cvtres.read.1.tlog
C:\Users\Administrator\Documents\Visual Studio 2010\Projects\MyCsdn\MyCsdn\Debug\link-cvtres.write.1.tlog
C:\USERS\ADMINISTRATOR\DOCUMENTS\VISUAL STUDIO 2010\PROJECTS\MYCSDN\MYCSDN\DEBUG\MAIN.OBJ
C:\Users\Administrator\Documents\Visual Studio 2010\Projects\MyCsdn\MyCsdn\Debug\mt.command.1.tlog
C:\Users\Administrator\Documents\Visual Studio 2010\Projects\MyCsdn\MyCsdn\Debug\mt.read.1.tlog
C:\Users\Administrator\Documents\Visual Studio 2010\Projects\MyCsdn\MyCsdn\Debug\mt.write.1.tlog
C:\USERS\ADMINISTRATOR\DOCUMENTS\VISUAL STUDIO 2010\PROJECTS\MYCSDN\MYCSDN\DEBUG\MULTITHREAD.OBJ
C:\USERS\ADMINISTRATOR\DOCUMENTS\VISUAL STUDIO 2010\PROJECTS\MYCSDN\MYCSDN\DEBUG\MYCSDN.EXE.EMBED.MANIFEST
C:\USERS\ADMINISTRATOR\DOCUMENTS\VISUAL STUDIO 2010\PROJECTS\MYCSDN\MYCSDN\DEBUG\MYCSDN.EXE.EMBED.MANIFEST.RES
C:\USERS\ADMINISTRATOR\DOCUMENTS\VISUAL STUDIO 2010\PROJECTS\MYCSDN\MYCSDN\DEBUG\MYCSDN.EXE.INTERMEDIATE.MANIFEST
C:\Users\Administrator\Documents\Visual Studio 2010\Projects\MyCsdn\MyCsdn\Debug\MyCsdn.vcxprojResolveAssemblyReference.cache
C:\Users\Administrator\Documents\Visual Studio 2010\Projects\MyCsdn\MyCsdn\Debug\MyCsdn.write.1.tlog
C:\Users\Administrator\Documents\Visual Studio 2010\Projects\MyCsdn\MyCsdn\Debug\MyCsdn_manifest.rc
C:\Users\Administrator\Documents\Visual Studio 2010\Projects\MyCsdn\MyCsdn\Debug\rc.command.1.tlog
C:\Users\Administrator\Documents\Visual Studio 2010\Projects\MyCsdn\MyCsdn\Debug\rc.read.1.tlog
C:\Users\Administrator\Documents\Visual Studio 2010\Projects\MyCsdn\MyCsdn\Debug\rc.write.1.tlog
C:\Users\Administrator\Documents\Visual Studio 2010\Projects\MyCsdn\MyCsdn\Debug\vc100.idb
C:\USERS\ADMINISTRATOR\DOCUMENTS\VISUAL STUDIO 2010\PROJECTS\MYCSDN\MYCSDN\DEBUG\VC100.PDB
