Build started 2018/6/14 16:27:12.
     1>Project "D:\VisualStudio\EmulateSpyppMessageCapturer\MessageCapturer\GetMessageHook\GetMessageHook.vcxproj" on node 3 (build target(s)).
     1>InitializeBuildStatus:
         Touching "Debug\GetMessageHook.unsuccessfulbuild".
       ClCompile:
         All outputs are up-to-date.
         All outputs are up-to-date.
         All outputs are up-to-date.
       ManifestResourceCompile:
         All outputs are up-to-date.
       Link:
         C:\Program Files (x86)\Microsoft Visual Studio 10.0\VC\bin\link.exe /ERRORREPORT:PROMPT /OUT:"D:\VisualStudio\EmulateSpyppMessageCapturer\MessageCapturer\Debug\GetMessageHook.dll" /INCREMENTAL /NOLOGO kernel32.lib user32.lib gdi32.lib winspool.lib comdlg32.lib advapi32.lib shell32.lib ole32.lib oleaut32.lib uuid.lib odbc32.lib odbccp32.lib /DEF:"GetMessageHook.def" /MANIFEST /ManifestFile:"Debug\GetMessageHook.dll.intermediate.manifest" /MANIFESTUAC:"level='asInvoker' uiAccess='false'" /DEBUG /PDB:"D:\VisualStudio\EmulateSpyppMessageCapturer\MessageCapturer\Debug\GetMessageHook.pdb" /SUBSYSTEM:WINDOWS /TLBID:1 /DYNAMICBASE /NXCOMPAT /IMPLIB:"D:\VisualStudio\EmulateSpyppMessageCapturer\MessageCapturer\Debug\GetMessageHook.lib" /MACHINE:X86 /DLL Debug\GetMessageHook.dll.embed.manifest.res
         Debug\dllmain.obj
         Debug\GetMessageHook.obj
         Debug\stdafx.obj
            正在创建库 D:\VisualStudio\EmulateSpyppMessageCapturer\MessageCapturer\Debug\GetMessageHook.lib 和对象 D:\VisualStudio\EmulateSpyppMessageCapturer\MessageCapturer\Debug\GetMessageHook.exp
       Manifest:
         C:\Program Files (x86)\Microsoft SDKs\Windows\v7.0A\bin\mt.exe /nologo /verbose /out:"Debug\GetMessageHook.dll.embed.manifest" /manifest Debug\GetMessageHook.dll.intermediate.manifest
         C:\Program Files (x86)\Microsoft SDKs\Windows\v7.0A\bin\rc.exe /nologo /fo"Debug\GetMessageHook.dll.embed.manifest.res" Debug\GetMessageHook_manifest.rc 
       LinkEmbedManifest:
         C:\Program Files (x86)\Microsoft Visual Studio 10.0\VC\bin\link.exe /ERRORREPORT:PROMPT /OUT:"D:\VisualStudio\EmulateSpyppMessageCapturer\MessageCapturer\Debug\GetMessageHook.dll" /INCREMENTAL /NOLOGO kernel32.lib user32.lib gdi32.lib winspool.lib comdlg32.lib advapi32.lib shell32.lib ole32.lib oleaut32.lib uuid.lib odbc32.lib odbccp32.lib /DEF:"GetMessageHook.def" /MANIFEST /ManifestFile:"Debug\GetMessageHook.dll.intermediate.manifest" /MANIFESTUAC:"level='asInvoker' uiAccess='false'" /DEBUG /PDB:"D:\VisualStudio\EmulateSpyppMessageCapturer\MessageCapturer\Debug\GetMessageHook.pdb" /SUBSYSTEM:WINDOWS /TLBID:1 /DYNAMICBASE /NXCOMPAT /IMPLIB:"D:\VisualStudio\EmulateSpyppMessageCapturer\MessageCapturer\Debug\GetMessageHook.lib" /MACHINE:X86 /DLL Debug\GetMessageHook.dll.embed.manifest.res
         Debug\dllmain.obj
         Debug\GetMessageHook.obj
         Debug\stdafx.obj
            正在创建库 D:\VisualStudio\EmulateSpyppMessageCapturer\MessageCapturer\Debug\GetMessageHook.lib 和对象 D:\VisualStudio\EmulateSpyppMessageCapturer\MessageCapturer\Debug\GetMessageHook.exp
         GetMessageHook.vcxproj -> D:\VisualStudio\EmulateSpyppMessageCapturer\MessageCapturer\Debug\GetMessageHook.dll
       FinalizeBuildStatus:
         Deleting file "Debug\GetMessageHook.unsuccessfulbuild".
         Touching "Debug\GetMessageHook.lastbuildstate".
     1>Done Building Project "D:\VisualStudio\EmulateSpyppMessageCapturer\MessageCapturer\GetMessageHook\GetMessageHook.vcxproj" (build target(s)).

生成成功。

Time Elapsed 00:00:01.71
